# JRE version: Java(TM) SE Runtime Environment (8.0_161-b12) (build 1.8.0_161-b12)
# Java VM: Java HotSpot(TM) 64-Bit Server VM (25.161-b12 mixed mode windows-amd64 compressed oops)
Heap:
 PSYoungGen      total 438272K, used 160K [0x00000000d5d00000, 0x00000000f1d80000, 0x0000000100000000)
  eden space 418816K, 0% used [0x00000000d5d00000,0x00000000d5d00000,0x00000000ef600000)
  from space 19456K, 0% used [0x00000000f0980000,0x00000000f09a8000,0x00000000f1c80000)
  to   space 19968K, 0% used [0x00000000ef600000,0x00000000ef600000,0x00000000f0980000)
 ParOldGen       total 98816K, used 39314K [0x0000000081600000, 0x0000000087680000, 0x00000000d5d00000)
  object space 98816K, 39% used [0x0000000081600000,0x0000000083c64b80,0x0000000087680000)
 Metaspace       used 71596K, capacity 75114K, committed 75304K, reserved 1114112K
  class space    used 9572K, capacity 10196K, committed 10280K, reserved 1048576K
GC Heap History (10 events):
Event: 14.115 GC heap after
Heap after GC invocations=14 (full 3):
 PSYoungGen      total 239616K, used 0K [0x00000000d5d00000, 0x00000000ebb00000, 0x0000000100000000)
  eden space 221696K, 0% used [0x00000000d5d00000,0x00000000d5d00000,0x00000000e3580000)
  from space 17920K, 0% used [0x00000000e3580000,0x00000000e3580000,0x00000000e4700000)
  to   space 18944K, 0% used [0x00000000ea880000,0x00000000ea880000,0x00000000ebb00000)
 ParOldGen       total 98816K, used 25748K [0x0000000081600000, 0x0000000087680000, 0x00000000d5d00000)
  object space 98816K, 26% used [0x0000000081600000,0x0000000082f25000,0x0000000087680000)
 Metaspace       used 56563K, capacity 59044K, committed 59160K, reserved 1099776K
  class space    used 7845K, capacity 8265K, committed 8360K, reserved 1048576K
}
Event: 275.424 GC heap before
{Heap before GC invocations=15 (full 3):
 PSYoungGen      total 239616K, used 208009K [0x00000000d5d00000, 0x00000000ebb00000, 0x0000000100000000)
  eden space 221696K, 93% used [0x00000000d5d00000,0x00000000e28227f0,0x00000000e3580000)
  from space 17920K, 0% used [0x00000000e3580000,0x00000000e3580000,0x00000000e4700000)
  to   space 18944K, 0% used [0x00000000ea880000,0x00000000ea880000,0x00000000ebb00000)
 ParOldGen       total 98816K, used 25748K [0x0000000081600000, 0x0000000087680000, 0x00000000d5d00000)
  object space 98816K, 26% used [0x0000000081600000,0x0000000082f25000,0x0000000087680000)
 Metaspace       used 69853K, capacity 73136K, committed 73384K, reserved 1112064K
  class space    used 9491K, capacity 10080K, committed 10152K, reserved 1048576K
Event: 275.450 GC heap after
Heap after GC invocations=15 (full 3):
 PSYoungGen      total 325632K, used 16172K [0x00000000d5d00000, 0x00000000eb880000, 0x0000000100000000)
  eden space 309248K, 0% used [0x00000000d5d00000,0x00000000d5d00000,0x00000000e8b00000)
  from space 16384K, 98% used [0x00000000ea880000,0x00000000eb84b1b8,0x00000000eb880000)
  to   space 20480K, 0% used [0x00000000e9080000,0x00000000e9080000,0x00000000ea480000)
 ParOldGen       total 98816K, used 25764K [0x0000000081600000, 0x0000000087680000, 0x00000000d5d00000)
  object space 98816K, 26% used [0x0000000081600000,0x0000000082f29000,0x0000000087680000)
 Metaspace       used 69853K, capacity 73136K, committed 73384K, reserved 1112064K
  class space    used 9491K, capacity 10080K, committed 10152K, reserved 1048576K
}
Event: 275.450 GC heap before
{Heap before GC invocations=16 (full 4):
 PSYoungGen      total 325632K, used 16172K [0x00000000d5d00000, 0x00000000eb880000, 0x0000000100000000)
  eden space 309248K, 0% used [0x00000000d5d00000,0x00000000d5d00000,0x00000000e8b00000)
  from space 16384K, 98% used [0x00000000ea880000,0x00000000eb84b1b8,0x00000000eb880000)
  to   space 20480K, 0% used [0x00000000e9080000,0x00000000e9080000,0x00000000ea480000)
 ParOldGen       total 98816K, used 25764K [0x0000000081600000, 0x0000000087680000, 0x00000000d5d00000)
  object space 98816K, 26% used [0x0000000081600000,0x0000000082f29000,0x0000000087680000)
 Metaspace       used 69853K, capacity 73136K, committed 73384K, reserved 1112064K
  class space    used 9491K, capacity 10080K, committed 10152K, reserved 1048576K
Event: 275.732 GC heap after
Heap after GC invocations=16 (full 4):
 PSYoungGen      total 325632K, used 0K [0x00000000d5d00000, 0x00000000eb880000, 0x0000000100000000)
  eden space 309248K, 0% used [0x00000000d5d00000,0x00000000d5d00000,0x00000000e8b00000)
  from space 16384K, 0% used [0x00000000ea880000,0x00000000ea880000,0x00000000eb880000)
  to   space 20480K, 0% used [0x00000000e9080000,0x00000000e9080000,0x00000000ea480000)
 ParOldGen       total 98816K, used 33443K [0x0000000081600000, 0x0000000087680000, 0x00000000d5d00000)
  object space 98816K, 33% used [0x0000000081600000,0x00000000836a8ce8,0x0000000087680000)
 Metaspace       used 69853K, capacity 73136K, committed 73384K, reserved 1112064K
  class space    used 9491K, capacity 10080K, committed 10152K, reserved 1048576K
}
Event: 14664.087 GC heap before
{Heap before GC invocations=17 (full 4):
 PSYoungGen      total 325632K, used 309248K [0x00000000d5d00000, 0x00000000eb880000, 0x0000000100000000)
  eden space 309248K, 100% used [0x00000000d5d00000,0x00000000e8b00000,0x00000000e8b00000)
  from space 16384K, 0% used [0x00000000ea880000,0x00000000ea880000,0x00000000eb880000)
  to   space 20480K, 0% used [0x00000000e9080000,0x00000000e9080000,0x00000000ea480000)
 ParOldGen       total 98816K, used 33443K [0x0000000081600000, 0x0000000087680000, 0x00000000d5d00000)
  object space 98816K, 33% used [0x0000000081600000,0x00000000836a8ce8,0x0000000087680000)
 Metaspace       used 71395K, capacity 74828K, committed 75048K, reserved 1114112K
  class space    used 9568K, capacity 10190K, committed 10280K, reserved 1048576K
Event: 14664.118 GC heap after
Heap after GC invocations=17 (full 4):
 PSYoungGen      total 335360K, used 8815K [0x00000000d5d00000, 0x00000000f1c80000, 0x0000000100000000)
  eden space 314880K, 0% used [0x00000000d5d00000,0x00000000d5d00000,0x00000000e9080000)
  from space 20480K, 43% used [0x00000000e9080000,0x00000000e991bd18,0x00000000ea480000)
  to   space 19456K, 0% used [0x00000000f0980000,0x00000000f0980000,0x00000000f1c80000)
 ParOldGen       total 98816K, used 33451K [0x0000000081600000, 0x0000000087680000, 0x00000000d5d00000)
  object space 98816K, 33% used [0x0000000081600000,0x00000000836aace8,0x0000000087680000)
 Metaspace       used 71395K, capacity 74828K, committed 75048K, reserved 1114112K
  class space    used 9568K, capacity 10190K, committed 10280K, reserved 1048576K
}
Event: 49647.830 GC heap before
{Heap before GC invocations=18 (full 4):
 PSYoungGen      total 335360K, used 271091K [0x00000000d5d00000, 0x00000000f1c80000, 0x0000000100000000)
  eden space 314880K, 83% used [0x00000000d5d00000,0x00000000e5d21080,0x00000000e9080000)
  from space 20480K, 43% used [0x00000000e9080000,0x00000000e991bd18,0x00000000ea480000)
  to   space 19456K, 0% used [0x00000000f0980000,0x00000000f0980000,0x00000000f1c80000)
 ParOldGen       total 98816K, used 33451K [0x0000000081600000, 0x0000000087680000, 0x00000000d5d00000)
  object space 98816K, 33% used [0x0000000081600000,0x00000000836aace8,0x0000000087680000)
 Metaspace       used 71596K, capacity 75114K, committed 75304K, reserved 1114112K
  class space    used 9572K, capacity 10196K, committed 10280K, reserved 1048576K
Event: 49647.841 GC heap after
Heap after GC invocations=18 (full 4):
 PSYoungGen      total 438272K, used 160K [0x00000000d5d00000, 0x00000000f1d80000, 0x0000000100000000)
  eden space 418816K, 0% used [0x00000000d5d00000,0x00000000d5d00000,0x00000000ef600000)
  from space 19456K, 0% used [0x00000000f0980000,0x00000000f09a8000,0x00000000f1c80000)
  to   space 19968K, 0% used [0x00000000ef600000,0x00000000ef600000,0x00000000f0980000)
 ParOldGen       total 98816K, used 39314K [0x0000000081600000, 0x0000000087680000, 0x00000000d5d00000)
  object space 98816K, 39% used [0x0000000081600000,0x0000000083c64b80,0x0000000087680000)
 Metaspace       used 71596K, capacity 75114K, committed 75304K, reserved 1114112K
  class space    used 9572K, capacity 10196K, committed 10280K, reserved 1048576K
}
Event: 49647.841 GC heap before
{Heap before GC invocations=19 (full 5):
 PSYoungGen      total 438272K, used 160K [0x00000000d5d00000, 0x00000000f1d80000, 0x0000000100000000)
  eden space 418816K, 0% used [0x00000000d5d00000,0x00000000d5d00000,0x00000000ef600000)
  from space 19456K, 0% used [0x00000000f0980000,0x00000000f09a8000,0x00000000f1c80000)
  to   space 19968K, 0% used [0x00000000ef600000,0x00000000ef600000,0x00000000f0980000)
 ParOldGen       total 98816K, used 39314K [0x0000000081600000, 0x0000000087680000, 0x00000000d5d00000)
  object space 98816K, 39% used [0x0000000081600000,0x0000000083c64b80,0x0000000087680000)
 Metaspace       used 71596K, capacity 75114K, committed 75304K, reserved 1114112K
  class space    used 9572K, capacity 10196K, committed 10280K, reserved 1048576K

